\BOOKMARK [0][-]{section*.1}{Contents}{}
\BOOKMARK [1][-]{section*.2}{Forward}{section*.1}
\BOOKMARK [1][-]{section*.3}{X3 Membership}{section*.1}
\BOOKMARK [1][-]{section*.4}{X3J14 Membership}{section*.1}
\BOOKMARK [0][-]{chapter.1}{Introduction}{}
\BOOKMARK [1][-]{section.1.1}{Purpose}{chapter.1}
\BOOKMARK [1][-]{section.1.2}{Scope}{chapter.1}
\BOOKMARK [1][-]{section.1.3}{Document organization}{chapter.1}
\BOOKMARK [1][-]{section.1.4}{Future directions}{chapter.1}
\BOOKMARK [0][-]{chapter.2}{Terms, notation, and references}{}
\BOOKMARK [1][-]{section.2.1}{Definitions of terms}{chapter.2}
\BOOKMARK [1][-]{section.2.2}{Notation}{chapter.2}
\BOOKMARK [1][-]{section.2.3}{References}{chapter.2}
\BOOKMARK [0][-]{chapter.3}{Usage requirements}{}
\BOOKMARK [1][-]{section.3.1}{Data types}{chapter.3}
\BOOKMARK [1][-]{section.3.2}{The implementation environment}{chapter.3}
\BOOKMARK [1][-]{section.3.3}{The Forth dictionary}{chapter.3}
\BOOKMARK [1][-]{section.3.4}{The Forth text interpreter}{chapter.3}
\BOOKMARK [0][-]{chapter.4}{Documentation requirements}{}
\BOOKMARK [1][-]{section.4.1}{System documentation}{chapter.4}
\BOOKMARK [1][-]{section.4.2}{Program documentation}{chapter.4}
\BOOKMARK [0][-]{chapter.5}{Compliance and labeling}{}
\BOOKMARK [1][-]{section.5.1}{ANS Forth systems}{chapter.5}
\BOOKMARK [1][-]{section.5.2}{ANS Forth programs}{chapter.5}
\BOOKMARK [0][-]{chapter.6}{Glossary}{}
\BOOKMARK [1][-]{section.6.1}{Core words}{chapter.6}
\BOOKMARK [1][-]{section.6.2}{Core extension words}{chapter.6}
\BOOKMARK [0][-]{chapter.7}{The optional Block word set}{}
\BOOKMARK [1][-]{section.A.7}{The optional Block word set}{chapter.7}
\BOOKMARK [1][-]{section.7.1}{Introduction}{chapter.7}
\BOOKMARK [1][-]{section.7.2}{Additional terms}{chapter.7}
\BOOKMARK [1][-]{section.7.3}{Additional usage requirements}{chapter.7}
\BOOKMARK [1][-]{section.7.4}{Additional documentation requirements}{chapter.7}
\BOOKMARK [1][-]{section.7.5}{Compliance and labeling}{chapter.7}
\BOOKMARK [1][-]{section.7.6}{Glossary}{chapter.7}
\BOOKMARK [0][-]{chapter.8}{The optional Double-Number word set}{}
\BOOKMARK [1][-]{section.A.8}{The optional Double-Number word set}{chapter.8}
\BOOKMARK [1][-]{section.8.1}{Introduction}{chapter.8}
\BOOKMARK [1][-]{section.8.2}{Additional terms and notation}{chapter.8}
\BOOKMARK [1][-]{section.8.3}{Additional usage requirements}{chapter.8}
\BOOKMARK [1][-]{section.8.4}{Additional documentation requirements}{chapter.8}
\BOOKMARK [1][-]{section.8.5}{Compliance and labeling}{chapter.8}
\BOOKMARK [1][-]{section.8.6}{Glossary}{chapter.8}
\BOOKMARK [0][-]{chapter.9}{The optional Exception word set}{}
\BOOKMARK [1][-]{section.A.9}{The optional Exception word set}{chapter.9}
\BOOKMARK [1][-]{section.9.1}{Introduction}{chapter.9}
\BOOKMARK [1][-]{section.9.2}{Additional terms and notation}{chapter.9}
\BOOKMARK [1][-]{section.9.3}{Additional usage requirements}{chapter.9}
\BOOKMARK [1][-]{section.9.4}{Additional documentation requirements}{chapter.9}
\BOOKMARK [1][-]{section.9.5}{Compliance and labeling}{chapter.9}
\BOOKMARK [1][-]{section.9.6}{Glossary}{chapter.9}
\BOOKMARK [0][-]{chapter.10}{The optional Facility word set}{}
\BOOKMARK [1][-]{section.A.10}{The optional Facility word set}{chapter.10}
\BOOKMARK [1][-]{section.10.1}{Introduction}{chapter.10}
\BOOKMARK [1][-]{section.10.2}{Additional terms and notation}{chapter.10}
\BOOKMARK [1][-]{section.10.3}{Additional usage requirements}{chapter.10}
\BOOKMARK [1][-]{section.10.4}{Additional documentation requirements}{chapter.10}
\BOOKMARK [1][-]{section.10.5}{Compliance and labeling}{chapter.10}
\BOOKMARK [1][-]{section.10.6}{Glossary}{chapter.10}
\BOOKMARK [0][-]{chapter.11}{The optional File-Access word set}{}
\BOOKMARK [1][-]{section.A.11}{The optional File-Access word set}{chapter.11}
\BOOKMARK [1][-]{section.11.1}{Introduction}{chapter.11}
\BOOKMARK [1][-]{section.11.2}{Additional terms}{chapter.11}
\BOOKMARK [1][-]{section.11.3}{Additional usage requirements}{chapter.11}
\BOOKMARK [1][-]{section.11.4}{Additional documentation requirements}{chapter.11}
\BOOKMARK [1][-]{section.11.5}{Compliance and labeling}{chapter.11}
\BOOKMARK [1][-]{section.11.6}{Glossary}{chapter.11}
\BOOKMARK [0][-]{chapter.12}{The optional Floating-Point word set}{}
\BOOKMARK [1][-]{section.A.12}{The optional Floating-Point word set}{chapter.12}
\BOOKMARK [1][-]{section.12.1}{Introduction}{chapter.12}
\BOOKMARK [1][-]{section.12.2}{Additional terms and notation}{chapter.12}
\BOOKMARK [1][-]{section.12.3}{Additional usage requirements}{chapter.12}
\BOOKMARK [1][-]{section.12.4}{Additional documentation requirements}{chapter.12}
\BOOKMARK [1][-]{section.12.5}{Compliance and labeling}{chapter.12}
\BOOKMARK [1][-]{section.12.6}{Glossary}{chapter.12}
\BOOKMARK [0][-]{chapter.13}{The optional Locals word set}{}
\BOOKMARK [1][-]{section.A.13}{The optional Locals word set}{chapter.13}
\BOOKMARK [1][-]{section.13.1}{Introduction}{chapter.13}
\BOOKMARK [1][-]{section.13.2}{Additional terms and notation}{chapter.13}
\BOOKMARK [1][-]{section.13.3}{Additional usage requirements}{chapter.13}
\BOOKMARK [1][-]{section.13.4}{Additional documentation requirements}{chapter.13}
\BOOKMARK [1][-]{section.13.5}{Compliance and labeling}{chapter.13}
\BOOKMARK [1][-]{section.13.6}{Glossary}{chapter.13}
\BOOKMARK [0][-]{chapter.14}{The optional Memory-Allocation word set}{}
\BOOKMARK [1][-]{section.A.14}{The optional Memory-Allocation word set}{chapter.14}
\BOOKMARK [1][-]{section.14.1}{Introduction}{chapter.14}
\BOOKMARK [1][-]{section.14.2}{Additional terms and notation}{chapter.14}
\BOOKMARK [1][-]{section.14.3}{Additional usage requirements}{chapter.14}
\BOOKMARK [1][-]{section.14.4}{Additional documentation requirements}{chapter.14}
\BOOKMARK [1][-]{section.14.5}{Compliance and labeling}{chapter.14}
\BOOKMARK [1][-]{section.14.6}{Glossary}{chapter.14}
\BOOKMARK [0][-]{chapter.15}{The optional Programming-Tools word set}{}
\BOOKMARK [1][-]{section.A.15}{The optional Programming-Tools word set}{chapter.15}
\BOOKMARK [1][-]{section.15.1}{Introduction}{chapter.15}
\BOOKMARK [1][-]{section.15.2}{Additional terms and notation}{chapter.15}
\BOOKMARK [1][-]{section.15.3}{Additional usage requirements}{chapter.15}
\BOOKMARK [1][-]{section.15.4}{Additional documentation requirements}{chapter.15}
\BOOKMARK [1][-]{section.15.5}{Compliance and labeling}{chapter.15}
\BOOKMARK [1][-]{section.15.6}{Glossary}{chapter.15}
\BOOKMARK [0][-]{chapter.16}{The optional Search-Order word set}{}
\BOOKMARK [1][-]{section.A.16}{The optional Search-Order word set}{chapter.16}
\BOOKMARK [1][-]{section.16.1}{Introduction}{chapter.16}
\BOOKMARK [1][-]{section.16.2}{Additional terms and notation}{chapter.16}
\BOOKMARK [1][-]{section.16.3}{Additional usage requirements}{chapter.16}
\BOOKMARK [1][-]{section.16.4}{Additional documentation requirements}{chapter.16}
\BOOKMARK [1][-]{section.16.5}{Compliance and labeling}{chapter.16}
\BOOKMARK [1][-]{section.16.6}{Glossary}{chapter.16}
\BOOKMARK [0][-]{chapter.17}{The optional String word set}{}
\BOOKMARK [1][-]{section.A.17}{The optional String word set}{chapter.17}
\BOOKMARK [1][-]{section.17.1}{Introduction}{chapter.17}
\BOOKMARK [1][-]{section.17.2}{Additional terms and notation}{chapter.17}
\BOOKMARK [1][-]{section.17.3}{Additional usage requirements}{chapter.17}
\BOOKMARK [1][-]{section.17.4}{Additional documentation requirements}{chapter.17}
\BOOKMARK [1][-]{section.17.5}{Compliance and labeling}{chapter.17}
\BOOKMARK [1][-]{section.17.6}{Glossary}{chapter.17}
\BOOKMARK [0][-]{appendix.A}{Rationale}{}
\BOOKMARK [1][-]{section.A.1}{Introduction}{appendix.A}
\BOOKMARK [1][-]{section.A.2}{Terms and notation}{appendix.A}
\BOOKMARK [1][-]{section.A.3}{Usage requirements}{appendix.A}
\BOOKMARK [1][-]{section.A.4}{Documentation requirements}{appendix.A}
\BOOKMARK [1][-]{section.A.5}{Compliance and labeling}{appendix.A}
\BOOKMARK [1][-]{section.A.6}{Glossary}{appendix.A}
\BOOKMARK [0][-]{appendix.B}{Bibliography}{}
\BOOKMARK [0][-]{appendix.C}{Perspective}{}
\BOOKMARK [1][-]{section.C.1}{Features of Forth}{appendix.C}
\BOOKMARK [1][-]{section.C.2}{History of Forth}{appendix.C}
\BOOKMARK [1][-]{section.C.3}{Hardware implementations of Forth}{appendix.C}
\BOOKMARK [1][-]{section.C.4}{Standardization efforts}{appendix.C}
\BOOKMARK [1][-]{section.C.5}{Programming in Forth}{appendix.C}
\BOOKMARK [1][-]{section.C.6}{Multiprogrammed systems}{appendix.C}
\BOOKMARK [1][-]{section.C.7}{Design and management considerations}{appendix.C}
\BOOKMARK [1][-]{section.C.8}{Conclusion}{appendix.C}
\BOOKMARK [0][-]{appendix.D}{Compatibility analysis of ANS Forth}{}
\BOOKMARK [1][-]{section.D.1}{FIG Forth \(circa 1978\)}{appendix.D}
\BOOKMARK [1][-]{section.D.2}{Forth 79}{appendix.D}
\BOOKMARK [1][-]{section.D.3}{Forth 83}{appendix.D}
\BOOKMARK [1][-]{section.D.4}{Recent developments}{appendix.D}
\BOOKMARK [1][-]{section.D.5}{ANS Forth approach}{appendix.D}
\BOOKMARK [1][-]{section.D.6}{Differences from Forth 83}{appendix.D}
\BOOKMARK [0][-]{appendix.E}{ANS Forth portability guide}{}
\BOOKMARK [1][-]{section.E.1}{Introduction}{appendix.E}
\BOOKMARK [1][-]{section.E.2}{Hardware peculiarities}{appendix.E}
\BOOKMARK [1][-]{section.E.3}{Number representation}{appendix.E}
\BOOKMARK [1][-]{section.E.4}{Forth system implementation}{appendix.E}
\BOOKMARK [1][-]{section.E.5}{ROMed application disciplines and conventions}{appendix.E}
\BOOKMARK [1][-]{section.E.6}{Summary}{appendix.E}
\BOOKMARK [0][-]{appendix.F}{Alphabetic list of words}{}
